<?xml version="1.0" encoding="UTF-8"?>
<robot generator="Robot 7.0 (Python 3.12.2 on win32)" generated="2024-04-25T20:36:22.554466" rpa="false" schemaversion="5">
<suite id="s1" name="Get Diretoria Testes Swagger" source="g:\Meu Drive\Academy_2024\RobortFramework\APIQualitysHunters\TestFrontAPIQH\tests\get_diretoria_testes_swagger.robot">
<test id="s1-t1" name="Cenário de teste: Editar dados de usuário administrador" line="9">
<kw name="Abrir navegador" owner="testes_get_diretoria_recursos_swagger" type="SETUP">
<kw name="Open Browser" owner="SeleniumLibrary">
<msg time="2024-04-25T20:36:23.602507" level="INFO">Opening browser 'chrome' to base url 'None'.</msg>
<msg time="2024-04-25T20:36:25.560975" level="WARN">The chromedriver version (123.0.6312.86) detected in PATH at C:\Users\Cyntia\AppData\Local\Programs\Python\Python312\Scripts\chromedriver.exe might not be compatible with the detected chrome version (124.0.6367.62); currently, chromedriver 124.0.6367.91 is recommended for chrome 124.*, so it is advised to delete the driver in PATH and retry</msg>
<arg>browser=chrome</arg>
<doc>Opens a new browser instance to the optional ``url``.</doc>
<status status="PASS" start="2024-04-25T20:36:23.600505" elapsed="5.733413"/>
</kw>
<kw name="Maximize Browser Window" owner="SeleniumLibrary">
<doc>Maximizes current browser window.</doc>
<status status="PASS" start="2024-04-25T20:36:29.334918" elapsed="0.511731"/>
</kw>
<status status="PASS" start="2024-04-25T20:36:23.595508" elapsed="6.252141"/>
</kw>
<kw name="Passo 1 – acessar a página de login Qa.Coders Academy" owner="testes_get_diretoria_recursos_swagger">
<kw name="Go To" owner="SeleniumLibrary">
<msg time="2024-04-25T20:36:29.860641" level="INFO">Opening url 'https://automacao.qacoders-academy.com.br'</msg>
<arg>url=${URL}</arg>
<doc>Navigates the current browser window to the provided ``url``.</doc>
<status status="PASS" start="2024-04-25T20:36:29.859643" elapsed="8.819072"/>
</kw>
<status status="PASS" start="2024-04-25T20:36:29.856644" elapsed="8.823070"/>
</kw>
<kw name="Passo 2 – digitar e-mail" owner="testes_get_diretoria_recursos_swagger">
<kw name="Wait Until Element Is Visible" owner="SeleniumLibrary">
<msg time="2024-04-25T20:36:39.058992" level="WARN">Keyword 'Capture Page Screenshot' could not be run on failure: Message: no such window: target window already closed
from unknown error: web view not found
  (Session info: chrome=124.0.6367.62)
Stacktrace:
	GetHandleVerifier [0x00007FF601CF70C2+63090]
	(No symbol) [0x00007FF601C62D12]
	(No symbol) [0x00007FF601AFEC65]
	(No symbol) [0x00007FF601ADCA7C]
	(No symbol) [0x00007FF601B6D687]
	(No symbol) [0x00007FF601B82AC1]
	(No symbol) [0x00007FF601B66D83]
	(No symbol) [0x00007FF601B383A8]
	(No symbol) [0x00007FF601B39441]
	GetHandleVerifier [0x00007FF6020F262D+4238301]
	GetHandleVerifier [0x00007FF60212F78D+4488509]
	GetHandleVerifier [0x00007FF602127A6F+4456479]
	GetHandleVerifier [0x00007FF601DD0606+953270]
	(No symbol) [0x00007FF601C6E5DF]
	(No symbol) [0x00007FF601C692B4]
	(No symbol) [0x00007FF601C693EB]
	(No symbol) [0x00007FF601C59C24]
	BaseThreadInitThunk [0x00007FFC236A7344+20]
	RtlUserThreadStart [0x00007FFC23F026B1+33]
</msg>
<msg time="2024-04-25T20:36:39.082978" level="FAIL">NoSuchWindowException: Message: no such window: target window already closed
from unknown error: web view not found
  (Session info: chrome=124.0.6367.62)
Stacktrace:
	GetHandleVerifier [0x00007FF601CF70C2+63090]
	(No symbol) [0x00007FF601C62D12]
	(No symbol) [0x00007FF601AFEC65]
	(No symbol) [0x00007FF601ADCA7C]
	(No symbol) [0x00007FF601B6D687]
	(No symbol) [0x00007FF601B82AC1]
	(No symbol) [0x00007FF601B66D83]
	(No symbol) [0x00007FF601B383A8]
	(No symbol) [0x00007FF601B39441]
	GetHandleVerifier [0x00007FF6020F262D+4238301]
	GetHandleVerifier [0x00007FF60212F78D+4488509]
	GetHandleVerifier [0x00007FF602127A6F+4456479]
	GetHandleVerifier [0x00007FF601DD0606+953270]
	(No symbol) [0x00007FF601C6E5DF]
	(No symbol) [0x00007FF601C692B4]
	(No symbol) [0x00007FF601C693EB]
	(No symbol) [0x00007FF601C59C24]
	BaseThreadInitThunk [0x00007FFC236A7344+20]
	RtlUserThreadStart [0x00007FFC23F026B1+33]
</msg>
<arg>locator=${emailInput}</arg>
<doc>Waits until the element ``locator`` is visible.</doc>
<status status="FAIL" start="2024-04-25T20:36:38.767660" elapsed="0.756044">NoSuchWindowException: Message: no such window: target window already closed
from unknown error: web view not found
  (Session info: chrome=124.0.6367.62)
Stacktrace:
	GetHandleVerifier [0x00007FF601CF70C2+63090]
	(No symbol) [0x00007FF601C62D12]
	(No symbol) [0x00007FF601AFEC65]
	(No symbol) [0x00007FF601ADCA7C]
	(No symbol) [0x00007FF601B6D687]
	(No symbol) [0x00007FF601B82AC1]
	(No symbol) [0x00007FF601B66D83]
	(No symbol) [0x00007FF601B383A8]
	(No symbol) [0x00007FF601B39441]
	GetHandleVerifier [0x00007FF6020F262D+4238301]
	GetHandleVerifier [0x00007FF60212F78D+4488509]
	GetHandleVerifier [0x00007FF602127A6F+4456479]
	GetHandleVerifier [0x00007FF601DD0606+953270]
	(No symbol) [0x00007FF601C6E5DF]
	(No symbol) [0x00007FF601C692B4]
	(No symbol) [0x00007FF601C693EB]
	(No symbol) [0x00007FF601C59C24]
	BaseThreadInitThunk [0x00007FFC236A7344+20]
	RtlUserThreadStart [0x00007FFC23F026B1+33]
</status>
</kw>
<kw name="Input Text" owner="SeleniumLibrary">
<arg>locator=${emailInput}</arg>
<arg>text=sysadmin@qacoders.com</arg>
<doc>Types the given ``text`` into the text field identified by ``locator``.</doc>
<status status="NOT RUN" start="2024-04-25T20:36:39.523704" elapsed="0.001000"/>
</kw>
<kw name="Sleep" owner="BuiltIn">
<arg>1s</arg>
<doc>Pauses the test executed for the given time.</doc>
<status status="NOT RUN" start="2024-04-25T20:36:39.524704" elapsed="0.000000"/>
</kw>
<status status="FAIL" start="2024-04-25T20:36:38.766662" elapsed="0.759041">NoSuchWindowException: Message: no such window: target window already closed
from unknown error: web view not found
  (Session info: chrome=124.0.6367.62)
Stacktrace:
	GetHandleVerifier [0x00007FF601CF70C2+63090]
	(No symbol) [0x00007FF601C62D12]
	(No symbol) [0x00007FF601AFEC65]
	(No symbol) [0x00007FF601ADCA7C]
	(No symbol) [0x00007FF601B6D687]
	(No symbol) [0x00007FF601B82AC1]
	(No symbol) [0x00007FF601B66D83]
	(No symbol) [0x00007FF601B383A8]
	(No symbol) [0x00007FF601B39441]
	GetHandleVerifier [0x00007FF6020F262D+4238301]
	GetHandleVerifier [0x00007FF60212F78D+4488509]
	GetHandleVerifier [0x00007FF602127A6F+4456479]
	GetHandleVerifier [0x00007FF601DD0606+953270]
	(No symbol) [0x00007FF601C6E5DF]
	(No symbol) [0x00007FF601C692B4]
	(No symbol) [0x00007FF601C693EB]
	(No symbol) [0x00007FF601C59C24]
	BaseThreadInitThunk [0x00007FFC236A7344+20]
	RtlUserThreadStart [0x00007FFC23F026B1+33]
</status>
</kw>
<kw name="Passo 3 – digitar senha" owner="testes_get_diretoria_recursos_swagger">
<status status="NOT RUN" start="2024-04-25T20:36:39.529701" elapsed="0.000000"/>
</kw>
<kw name="Passo 4 – clicar no botão entrar" owner="testes_get_diretoria_recursos_swagger">
<status status="NOT RUN" start="2024-04-25T20:36:39.533699" elapsed="0.000999"/>
</kw>
<kw name="Passo 5 – clicar em cadastro" owner="testes_get_diretoria_recursos_swagger">
<status status="NOT RUN" start="2024-04-25T20:36:39.536697" elapsed="0.000999"/>
</kw>
<kw name="Passo 6 – clicar em Diretorias" owner="testes_get_diretoria_recursos_swagger">
<status status="NOT RUN" start="2024-04-25T20:36:39.539694" elapsed="0.000000"/>
</kw>
<kw name="Passo 7 – selecionar campo pesquisar" owner="testes_get_diretoria_recursos_swagger">
<status status="NOT RUN" start="2024-04-25T20:36:39.541695" elapsed="0.000997"/>
</kw>
<status status="FAIL" start="2024-04-25T20:36:23.591511" elapsed="15.953181">NoSuchWindowException: Message: no such window: target window already closed
from unknown error: web view not found
  (Session info: chrome=124.0.6367.62)
Stacktrace:
	GetHandleVerifier [0x00007FF601CF70C2+63090]
	(No symbol) [0x00007FF601C62D12]
	(No symbol) [0x00007FF601AFEC65]
	(No symbol) [0x00007FF601ADCA7C]
	(No symbol) [0x00007FF601B6D687]
	(No symbol) [0x00007FF601B82AC1]
	(No symbol) [0x00007FF601B66D83]
	(No symbol) [0x00007FF601B383A8]
	(No symbol) [0x00007FF601B39441]
	GetHandleVerifier [0x00007FF6020F262D+4238301]
	GetHandleVerifier [0x00007FF60212F78D+4488509]
	GetHandleVerifier [0x00007FF602127A6F+4456479]
	GetHandleVerifier [0x00007FF601DD0606+953270]
	(No symbol) [0x00007FF601C6E5DF]
	(No symbol) [0x00007FF601C692B4]
	(No symbol) [0x00007FF601C693EB]
	(No symbol) [0x00007FF601C59C24]
	BaseThreadInitThunk [0x00007FFC236A7344+20]
	RtlUserThreadStart [0x00007FFC23F026B1+33]
</status>
</test>
<status status="FAIL" start="2024-04-25T20:36:22.577452" elapsed="17.021207"/>
</suite>
<statistics>
<total>
<stat pass="0" fail="1" skip="0">All Tests</stat>
</total>
<tag>
</tag>
<suite>
<stat pass="0" fail="1" skip="0" id="s1" name="Get Diretoria Testes Swagger">Get Diretoria Testes Swagger</stat>
</suite>
</statistics>
<errors>
<msg time="2024-04-25T20:36:23.577519" level="ERROR">Error in file 'g:\Meu Drive\Academy_2024\RobortFramework\APIQualitysHunters\TestFrontAPIQH\resources\testes_get_diretoria_recursos_swagger.resource' on line 6: Importing library 'Faker' failed: ModuleNotFoundError: No module named 'Faker'
Traceback (most recent call last):
  None
PYTHONPATH:
  c:\Users\Cyntia\.vscode\extensions\robocorp.robotframework-lsp-1.12.0\src\robotframework_debug_adapter
  G:\Meu Drive\Academy_2024\RobortFramework\APIQualitysHunters\TestFrontAPIQH
  c:\Users\Cyntia\.vscode\extensions\robocorp.robotframework-lsp-1.12.0\src
  c:\Users\Cyntia\.vscode\extensions\robocorp.robotframework-lsp-1.12.0\src\robotframework_ls\vendored
  C:\Users\Cyntia\AppData\Local\Programs\Python\Python312\python312.zip
  C:\Users\Cyntia\AppData\Local\Programs\Python\Python312\DLLs
  C:\Users\Cyntia\AppData\Local\Programs\Python\Python312\Lib
  C:\Users\Cyntia\AppData\Local\Programs\Python\Python312
  C:\Users\Cyntia\AppData\Local\Programs\Python\Python312\Lib\site-packages</msg>
<msg time="2024-04-25T20:36:25.560975" level="WARN">The chromedriver version (123.0.6312.86) detected in PATH at C:\Users\Cyntia\AppData\Local\Programs\Python\Python312\Scripts\chromedriver.exe might not be compatible with the detected chrome version (124.0.6367.62); currently, chromedriver 124.0.6367.91 is recommended for chrome 124.*, so it is advised to delete the driver in PATH and retry</msg>
<msg time="2024-04-25T20:36:39.058992" level="WARN">Keyword 'Capture Page Screenshot' could not be run on failure: Message: no such window: target window already closed
from unknown error: web view not found
  (Session info: chrome=124.0.6367.62)
Stacktrace:
	GetHandleVerifier [0x00007FF601CF70C2+63090]
	(No symbol) [0x00007FF601C62D12]
	(No symbol) [0x00007FF601AFEC65]
	(No symbol) [0x00007FF601ADCA7C]
	(No symbol) [0x00007FF601B6D687]
	(No symbol) [0x00007FF601B82AC1]
	(No symbol) [0x00007FF601B66D83]
	(No symbol) [0x00007FF601B383A8]
	(No symbol) [0x00007FF601B39441]
	GetHandleVerifier [0x00007FF6020F262D+4238301]
	GetHandleVerifier [0x00007FF60212F78D+4488509]
	GetHandleVerifier [0x00007FF602127A6F+4456479]
	GetHandleVerifier [0x00007FF601DD0606+953270]
	(No symbol) [0x00007FF601C6E5DF]
	(No symbol) [0x00007FF601C692B4]
	(No symbol) [0x00007FF601C693EB]
	(No symbol) [0x00007FF601C59C24]
	BaseThreadInitThunk [0x00007FFC236A7344+20]
	RtlUserThreadStart [0x00007FFC23F026B1+33]
</msg>
</errors>
</robot>
